2024-04-20 09:08:55 [INFO] [ForgeModLoader] Forge Mod Loader version 5.2.23.738 for Minecraft 1.5.2 loading
2024-04-20 09:08:55 [INFO] [ForgeModLoader] Java is OpenJDK 64-Bit Server VM, version 1.8.0_402, running on Windows 11:amd64:10.0, installed at C:\Users\cross\.jdks\temurin-1.8.0_402\jre
2024-04-20 09:08:55 [FINE] [ForgeModLoader] Java classpath at launch is C:\Users\cross\.gradle\caches\voldeloom\forgeLibs\net.minecraftforge_forge_1.5.2-7.8.1.738\argo-small-3.2.jar;C:\Users\cross\.gradle\caches\voldeloom\forgeLibs\net.minecraftforge_forge_1.5.2-7.8.1.738\guava-14.0-rc3.jar;C:\Users\cross\.gradle\caches\voldeloom\forgeLibs\net.minecraftforge_forge_1.5.2-7.8.1.738\asm-all-4.1.jar;C:\Users\cross\.gradle\caches\voldeloom\forgeLibs\net.minecraftforge_forge_1.5.2-7.8.1.738\bcprov-jdk15on-148.jar;C:\Users\cross\.gradle\caches\voldeloom\forgeLibs\net.minecraftforge_forge_1.5.2-7.8.1.738\scala-library.jar;C:\Users\cross\.gradle\caches\voldeloom\mapped\net.minecraftforge_forge_1.5.2-7.8.1.738\minecraft-1.5.2-forge-1.5.2-7.8.1.738-named-19203e63.jar;D:\Games\Minecraft\Workspace\Reforged\BlockHelper - 1.5.2\.gradle\voldeloom-cache\remapped-mods\AdvancedMachines-4.9.zip-mapped-net.minecraftforge_forge_1.5.2-7.8.1.738.jar;D:\Games\Minecraft\Workspace\Reforged\BlockHelper - 1.5.2\.gradle\voldeloom-cache\remapped-mods\LegacyFix-1.3.1.jar-mapped-net.minecraftforge_forge_1.5.2-7.8.1.738.jar;D:\Games\Minecraft\Workspace\Reforged\BlockHelper - 1.5.2\.gradle\voldeloom-cache\remapped-mods\advanced-machines-55.0.3.jar-mapped-net.minecraftforge_forge_1.5.2-7.8.1.738.jar;D:\Games\Minecraft\Workspace\Reforged\BlockHelper - 1.5.2\.gradle\voldeloom-cache\remapped-mods\appeng-rv14-dev2-mc15x.zip-mapped-net.minecraftforge_forge_1.5.2-7.8.1.738.jar;D:\Games\Minecraft\Workspace\Reforged\BlockHelper - 1.5.2\.gradle\voldeloom-cache\remapped-mods\buildcraft-A-3.7.2.jar-mapped-net.minecraftforge_forge_1.5.2-7.8.1.738.jar;D:\Games\Minecraft\Workspace\Reforged\BlockHelper - 1.5.2\.gradle\voldeloom-cache\remapped-mods\chickenchunks-deobf.jar-mapped-net.minecraftforge_forge_1.5.2-7.8.1.738.jar;D:\Games\Minecraft\Workspace\Reforged\BlockHelper - 1.5.2\.gradle\voldeloom-cache\remapped-mods\ee3-universal-pre1g-12.jar-mapped-net.minecraftforge_forge_1.5.2-7.8.1.738.jar;D:\Games\Minecraft\Workspace\Reforged\BlockHelper - 1.5.2\.gradle\voldeloom-cache\remapped-mods\Factorization-0.8.01.jar-mapped-net.minecraftforge_forge_1.5.2-7.8.1.738.jar;D:\Games\Minecraft\Workspace\Reforged\BlockHelper - 1.5.2\.gradle\voldeloom-cache\remapped-mods\forestry-A-2.2.8.4.jar-mapped-net.minecraftforge_forge_1.5.2-7.8.1.738.jar;D:\Games\Minecraft\Workspace\Reforged\BlockHelper - 1.5.2\.gradle\voldeloom-cache\remapped-mods\gregtechmod311.zip-mapped-net.minecraftforge_forge_1.5.2-7.8.1.738.jar;D:\Games\Minecraft\Workspace\Reforged\BlockHelper - 1.5.2\.gradle\voldeloom-cache\remapped-mods\immibis-core-55.1.6.jar-mapped-net.minecraftforge_forge_1.5.2-7.8.1.738.jar;D:\Games\Minecraft\Workspace\Reforged\BlockHelper - 1.5.2\.gradle\voldeloom-cache\remapped-mods\industrialcraft-2_1.117.385-lf.jar-mapped-net.minecraftforge_forge_1.5.2-7.8.1.738.jar;D:\Games\Minecraft\Workspace\Reforged\BlockHelper - 1.5.2\.gradle\voldeloom-cache\remapped-mods\ThermalExpansion-2.4.6.0.jar-mapped-net.minecraftforge_forge_1.5.2-7.8.1.738.jar;D:\Games\Minecraft\Workspace\Reforged\BlockHelper - 1.5.2\.gradle\voldeloom-cache\remapped-mods\meteorsmod-deobf.jar-mapped-net.minecraftforge_forge_1.5.2-7.8.1.738.jar;C:\Users\cross\.gradle\caches\modules-2\files-2.1\net.minecraft\launchwrapper\1.5\5150b9c2951f0fde987ce9c33496e26add1de224\launchwrapper-1.5.jar;C:\Users\cross\.gradle\caches\modules-2\files-2.1\net.sf.jopt-simple\jopt-simple\4.5\6065cc95c661255349c1d0756657be17c29a4fd3\jopt-simple-4.5.jar;C:\Users\cross\.gradle\caches\modules-2\files-2.1\org.ow2.asm\asm-all\4.1\54986e962b88d8660ae4566475658469595ef58\asm-all-4.1.jar;C:\Users\cross\.gradle\caches\modules-2\files-2.1\org.lwjgl.lwjgl\lwjgl_util\2.9.0\a778846b64008fc7f48ead2377f034e547991699\lwjgl_util-2.9.0.jar;C:\Users\cross\.gradle\caches\modules-2\files-2.1\org.lwjgl.lwjgl\lwjgl\2.9.0\5654d06e61a1bba7ae1e7f5233e1106be64c91cd\lwjgl-2.9.0.jar;C:\Users\cross\.gradle\caches\modules-2\files-2.1\net.java.jinput\jinput\2.0.5\39c7796b469a600f72380316f6b1f11db6c2c7c4\jinput-2.0.5.jar;C:\Users\cross\.gradle\caches\modules-2\files-2.1\net.java.jutils\jutils\1.0.0\e12fe1fda814bd348c1579329c86943d2cd3c6a6\jutils-1.0.0.jar;C:\Users\cross\.gradle\caches\modules-2\files-2.1\org.ow2.asm\asm-debug-all\4.1\dd6ba5c392d4102458494e29f54f70ac534ec2a2\asm-debug-all-4.1.jar;C:\Users\cross\.gradle\caches\modules-2\files-2.1\net.java.jinput\jinput-platform\2.0.5\7ff832a6eb9ab6a767f1ade2b548092d0fa64795\jinput-platform-2.0.5-natives-linux.jar;C:\Users\cross\.gradle\caches\modules-2\files-2.1\net.java.jinput\jinput-platform\2.0.5\385ee093e01f587f30ee1c8a2ee7d408fd732e16\jinput-platform-2.0.5-natives-windows.jar;C:\Users\cross\.gradle\caches\modules-2\files-2.1\net.java.jinput\jinput-platform\2.0.5\53f9c919f34d2ca9de8c51fc4e1e8282029a9232\jinput-platform-2.0.5-natives-osx.jar;C:\Users\cross\.gradle\caches\modules-2\files-2.1\org.lwjgl.lwjgl\lwjgl-platform\2.9.0\3f11873dc8e84c854ec7c5a8fd2e869f8aaef764\lwjgl-platform-2.9.0-natives-windows.jar;C:\Users\cross\.gradle\caches\modules-2\files-2.1\org.lwjgl.lwjgl\lwjgl-platform\2.9.0\2ba5dcb11048147f1a74eff2deb192c001321f77\lwjgl-platform-2.9.0-natives-linux.jar;C:\Users\cross\.gradle\caches\modules-2\files-2.1\org.lwjgl.lwjgl\lwjgl-platform\2.9.0\6621b382cb14cc409b041d8d72829156a87c31aa\lwjgl-platform-2.9.0-natives-osx.jar;D:\Games\Minecraft\Workspace\Reforged\BlockHelper - 1.5.2\build\libs\BlockHelper-1.5.2-1.2.0-pre3-dev.jar
2024-04-20 09:08:55 [FINE] [ForgeModLoader] Java library path at launch is C:\Users\cross\.gradle\caches\voldeloom\natives\1.5.2-d1a87b84
2024-04-20 09:08:55 [INFO] [ForgeModLoader] Managed to load a deobfuscated Minecraft name- we are in a deobfuscated environment. Skipping runtime deobfuscation
2024-04-20 09:08:55 [FINEST] [ForgeModLoader] All core mods are successfully located
2024-04-20 09:08:55 [FINEST] [ForgeModLoader] Discovering coremods
2024-04-20 09:08:55 [FINEST] [ForgeModLoader] Found a candidate coremod CodeChickenCore 0.8.7.3-fix1.jar-mapped-net.minecraftforge_forge_1.5.2-7.8.1.738.jar
2024-04-20 09:08:55 [FINEST] [ForgeModLoader] Loading coremod CodeChickenCore 0.8.7.3-fix1.jar-mapped-net.minecraftforge_forge_1.5.2-7.8.1.738.jar
2024-04-20 09:08:55 [WARNING] [ForgeModLoader] The coremod codechicken.core.asm.CodeChickenCorePlugin does not have a MCVersion annotation, it may cause issues with this version of Minecraft
2024-04-20 09:08:55 [FINEST] [ForgeModLoader] Loaded coremod CodeChickenCore 0.8.7.3-fix1.jar-mapped-net.minecraftforge_forge_1.5.2-7.8.1.738.jar
2024-04-20 09:08:55 [FINEST] [ForgeModLoader] Found a candidate coremod CoFHCore-1.5.2.5.jar-mapped-net.minecraftforge_forge_1.5.2-7.8.1.738.jar
2024-04-20 09:08:55 [FINEST] [ForgeModLoader] Loading coremod CoFHCore-1.5.2.5.jar-mapped-net.minecraftforge_forge_1.5.2-7.8.1.738.jar
2024-04-20 09:08:55 [WARNING] [ForgeModLoader] The coremod cofh.asm.CoFHPlugin does not have a MCVersion annotation, it may cause issues with this version of Minecraft
2024-04-20 09:08:55 [FINEST] [ForgeModLoader] Loaded coremod CoFHCore-1.5.2.5.jar-mapped-net.minecraftforge_forge_1.5.2-7.8.1.738.jar
2024-04-20 09:08:55 [FINEST] [ForgeModLoader] Found a candidate coremod nei-deobf.jar-mapped-net.minecraftforge_forge_1.5.2-7.8.1.738.jar
2024-04-20 09:08:55 [FINEST] [ForgeModLoader] Loading coremod nei-deobf.jar-mapped-net.minecraftforge_forge_1.5.2-7.8.1.738.jar
2024-04-20 09:08:55 [WARNING] [ForgeModLoader] The coremod codechicken.nei.asm.NEICorePlugin does not have a MCVersion annotation, it may cause issues with this version of Minecraft
2024-04-20 09:08:55 [FINEST] [ForgeModLoader] Loaded coremod nei-deobf.jar-mapped-net.minecraftforge_forge_1.5.2-7.8.1.738.jar
2024-04-20 09:08:55 [FINEST] [ForgeModLoader] Found library file argo-small-3.2.jar present and correct in lib dir
2024-04-20 09:08:55 [FINEST] [ForgeModLoader] Found library file guava-14.0-rc3.jar present and correct in lib dir
2024-04-20 09:08:55 [FINEST] [ForgeModLoader] Found library file asm-all-4.1.jar present and correct in lib dir
2024-04-20 09:08:55 [FINEST] [ForgeModLoader] Found library file bcprov-jdk15on-148.jar present and correct in lib dir
2024-04-20 09:08:55 [FINEST] [ForgeModLoader] Found library file deobfuscation_data_1.5.2.zip present and correct in lib dir
2024-04-20 09:08:55 [FINEST] [ForgeModLoader] Found library file scala-library.jar present and correct in lib dir
2024-04-20 09:08:55 [FINEST] [ForgeModLoader] Running coremod plugins
2024-04-20 09:08:55 [FINEST] [ForgeModLoader] Running coremod plugin FMLCorePlugin
2024-04-20 09:08:56 [SEVERE] [ForgeModLoader] FML appears to be missing any signature data. This is not a good thing
2024-04-20 09:08:56 [FINEST] [ForgeModLoader] Coremod plugin FMLCorePlugin run successfully
2024-04-20 09:08:56 [FINEST] [ForgeModLoader] Running coremod plugin FMLForgePlugin
2024-04-20 09:08:56 [FINEST] [ForgeModLoader] Coremod plugin FMLForgePlugin run successfully
2024-04-20 09:08:56 [FINEST] [ForgeModLoader] Running coremod plugin CodeChickenCorePlugin
2024-04-20 09:08:56 [INFO] [STDOUT] Adding Accesstransformer map: codechickencore_at.cfg
2024-04-20 09:08:56 [FINEST] [ForgeModLoader] Coremod plugin CodeChickenCorePlugin run successfully
2024-04-20 09:08:56 [FINEST] [ForgeModLoader] Running coremod plugin CoFHPlugin
2024-04-20 09:08:56 [FINEST] [ForgeModLoader] Coremod plugin CoFHPlugin run successfully
2024-04-20 09:08:56 [FINEST] [ForgeModLoader] Running coremod plugin NEICorePlugin
2024-04-20 09:08:56 [INFO] [STDOUT] Adding Accesstransformer map: nei_at.cfg
2024-04-20 09:08:56 [FINEST] [ForgeModLoader] Coremod plugin NEICorePlugin run successfully
2024-04-20 09:08:56 [FINEST] [ForgeModLoader] Validating minecraft
2024-04-20 09:08:56 [FINEST] [ForgeModLoader] Minecraft validated, launching...
2024-04-20 09:08:56 [INFO] [STDOUT] RenderGlobal Class Detected
2024-04-20 09:08:56 [INFO] [STDOUT] RenderGlobal Function Injection Detected
2024-04-20 09:08:56 [INFO] [STDOUT] RenderGlobal Injection Point Detected (updateEntityCape(Lnet/minecraft/entity/Entity;)V)
2024-04-20 09:08:56 [INFO] [STDOUT] FMLRelauncher.relaunchApplet
2024-04-20 09:08:56 [INFO] [STDERR] java.lang.reflect.InvocationTargetException
2024-04-20 09:08:56 [INFO] [STDERR] 	at sun.reflect.NativeMethodAccessorImpl.invoke0(Native Method)
2024-04-20 09:08:56 [INFO] [STDERR] 	at sun.reflect.NativeMethodAccessorImpl.invoke(NativeMethodAccessorImpl.java:62)
2024-04-20 09:08:56 [INFO] [STDERR] 	at sun.reflect.DelegatingMethodAccessorImpl.invoke(DelegatingMethodAccessorImpl.java:43)
2024-04-20 09:08:56 [INFO] [STDERR] 	at java.lang.reflect.Method.invoke(Method.java:498)
2024-04-20 09:08:56 [INFO] [STDERR] 	at cpw.mods.fml.relauncher.FMLRelauncher.relaunchApplet(FMLRelauncher.java:247)
2024-04-20 09:08:56 [INFO] [STDERR] 	at cpw.mods.fml.relauncher.FMLRelauncher.appletEntry(FMLRelauncher.java:229)
2024-04-20 09:08:56 [INFO] [STDERR] 	at net.minecraft.client.MinecraftApplet.init(MinecraftApplet.java:25)
2024-04-20 09:08:56 [INFO] [STDERR] 	at net.minecraft.client.Minecraft.fmlReentry(Minecraft.java:2336)
2024-04-20 09:08:56 [INFO] [STDERR] 	at sun.reflect.NativeMethodAccessorImpl.invoke0(Native Method)
2024-04-20 09:08:56 [INFO] [STDERR] 	at sun.reflect.NativeMethodAccessorImpl.invoke(NativeMethodAccessorImpl.java:62)
2024-04-20 09:08:56 [INFO] [STDERR] 	at sun.reflect.DelegatingMethodAccessorImpl.invoke(DelegatingMethodAccessorImpl.java:43)
2024-04-20 09:08:56 [INFO] [STDERR] 	at java.lang.reflect.Method.invoke(Method.java:498)
2024-04-20 09:08:56 [INFO] [STDERR] 	at cpw.mods.fml.relauncher.FMLRelauncher.relaunchClient(FMLRelauncher.java:123)
2024-04-20 09:08:56 [INFO] [STDERR] 	at cpw.mods.fml.relauncher.FMLRelauncher.handleClientRelaunch(FMLRelauncher.java:38)
2024-04-20 09:08:56 [INFO] [STDERR] 	at net.minecraft.client.Minecraft.main(Minecraft.java:2237)
2024-04-20 09:08:56 [INFO] [STDERR] Caused by: java.lang.NoClassDefFoundError: cpw/mods/fml/common/registry/GameData
2024-04-20 09:08:56 [INFO] [STDERR] 	at net.minecraft.item.Item.<init>(Item.java:264)
2024-04-20 09:08:56 [INFO] [STDERR] 	at net.minecraft.item.ItemTool.<init>(ItemTool.java:26)
2024-04-20 09:08:56 [INFO] [STDERR] 	at net.minecraft.item.ItemSpade.<init>(ItemSpade.java:11)
2024-04-20 09:08:56 [INFO] [STDERR] 	at net.minecraft.item.Item.<clinit>(Item.java:46)
2024-04-20 09:08:56 [INFO] [STDERR] 	at net.minecraft.block.Block.<clinit>(Block.java:1401)
2024-04-20 09:08:56 [INFO] [STDERR] 	at net.minecraft.stats.StatList.initMinableStats(StatList.java:185)
2024-04-20 09:08:56 [INFO] [STDERR] 	at net.minecraft.stats.StatList.<clinit>(StatList.java:96)
2024-04-20 09:08:56 [INFO] [STDERR] 	at net.minecraft.client.Minecraft.<init>(Minecraft.java:294)
2024-04-20 09:08:56 [INFO] [STDERR] 	at net.minecraft.client.MinecraftAppletImpl.<init>(MinecraftAppletImpl.java:38)
2024-04-20 09:08:56 [INFO] [STDERR] 	at net.minecraft.client.MinecraftApplet.fmlInitReentry(MinecraftApplet.java:32)
2024-04-20 09:08:56 [INFO] [STDERR] 	... 15 more
2024-04-20 09:08:56 [INFO] [STDERR] Caused by: java.lang.ClassNotFoundException: cpw.mods.fml.common.registry.GameData
2024-04-20 09:08:56 [INFO] [STDERR] 	at cpw.mods.fml.relauncher.RelaunchClassLoader.findClass(RelaunchClassLoader.java:238)
2024-04-20 09:08:56 [INFO] [STDERR] 	at java.lang.ClassLoader.loadClass(ClassLoader.java:418)
2024-04-20 09:08:56 [INFO] [STDERR] 	at java.lang.ClassLoader.loadClass(ClassLoader.java:351)
2024-04-20 09:08:56 [INFO] [STDERR] 	... 25 more
2024-04-20 09:08:56 [INFO] [STDERR] Caused by: java.lang.NullPointerException
2024-04-20 09:08:56 [INFO] [STDERR] 	at codechicken.core.asm.FeatureHackTransformer.transformer001(FeatureHackTransformer.java:50)
2024-04-20 09:08:56 [INFO] [STDERR] 	at codechicken.core.asm.FeatureHackTransformer.transform(FeatureHackTransformer.java:61)
2024-04-20 09:08:56 [INFO] [STDERR] 	at cpw.mods.fml.relauncher.RelaunchClassLoader.runTransformers(RelaunchClassLoader.java:352)
2024-04-20 09:08:56 [INFO] [STDERR] 	at cpw.mods.fml.relauncher.RelaunchClassLoader.findClass(RelaunchClassLoader.java:225)
2024-04-20 09:08:56 [INFO] [STDERR] 	... 27 more
2024-04-20 09:08:56 [INFO] [STDERR] java.lang.reflect.InvocationTargetException
2024-04-20 09:08:56 [INFO] [STDERR] 	at sun.reflect.NativeMethodAccessorImpl.invoke0(Native Method)
2024-04-20 09:08:56 [INFO] [STDERR] 	at sun.reflect.NativeMethodAccessorImpl.invoke(NativeMethodAccessorImpl.java:62)
2024-04-20 09:08:56 [INFO] [STDERR] 	at sun.reflect.DelegatingMethodAccessorImpl.invoke(DelegatingMethodAccessorImpl.java:43)
2024-04-20 09:08:56 [INFO] [STDERR] 	at java.lang.reflect.Method.invoke(Method.java:498)
2024-04-20 09:08:56 [INFO] [STDERR] 	at cpw.mods.fml.relauncher.FMLRelauncher.relaunchClient(FMLRelauncher.java:123)
2024-04-20 09:08:56 [INFO] [STDERR] 	at cpw.mods.fml.relauncher.FMLRelauncher.handleClientRelaunch(FMLRelauncher.java:38)
2024-04-20 09:08:56 [INFO] [STDERR] 	at net.minecraft.client.Minecraft.main(Minecraft.java:2237)
2024-04-20 09:08:56 [INFO] [STDERR] Caused by: java.lang.RuntimeException: java.lang.reflect.InvocationTargetException
2024-04-20 09:08:56 [INFO] [STDERR] 	at cpw.mods.fml.relauncher.FMLRelauncher.relaunchApplet(FMLRelauncher.java:254)
2024-04-20 09:08:56 [INFO] [STDERR] 	at cpw.mods.fml.relauncher.FMLRelauncher.appletEntry(FMLRelauncher.java:229)
2024-04-20 09:08:56 [INFO] [STDERR] 	at net.minecraft.client.MinecraftApplet.init(MinecraftApplet.java:25)
2024-04-20 09:08:56 [INFO] [STDERR] 	at net.minecraft.client.Minecraft.fmlReentry(Minecraft.java:2336)
2024-04-20 09:08:56 [INFO] [STDERR] 	... 7 more
2024-04-20 09:08:56 [INFO] [STDERR] Caused by: java.lang.reflect.InvocationTargetException
2024-04-20 09:08:56 [INFO] [STDERR] 	at sun.reflect.NativeMethodAccessorImpl.invoke0(Native Method)
2024-04-20 09:08:56 [INFO] [STDERR] 	at sun.reflect.NativeMethodAccessorImpl.invoke(NativeMethodAccessorImpl.java:62)
2024-04-20 09:08:56 [INFO] [STDERR] 	at sun.reflect.DelegatingMethodAccessorImpl.invoke(DelegatingMethodAccessorImpl.java:43)
2024-04-20 09:08:56 [INFO] [STDERR] 	at java.lang.reflect.Method.invoke(Method.java:498)
2024-04-20 09:08:56 [INFO] [STDERR] 	at cpw.mods.fml.relauncher.FMLRelauncher.relaunchApplet(FMLRelauncher.java:247)
2024-04-20 09:08:56 [INFO] [STDERR] 	... 10 more
2024-04-20 09:08:56 [INFO] [STDERR] Caused by: java.lang.NoClassDefFoundError: cpw/mods/fml/common/registry/GameData
2024-04-20 09:08:56 [INFO] [STDERR] 	at net.minecraft.item.Item.<init>(Item.java:264)
2024-04-20 09:08:56 [INFO] [STDERR] 	at net.minecraft.item.ItemTool.<init>(ItemTool.java:26)
2024-04-20 09:08:56 [INFO] [STDERR] 	at net.minecraft.item.ItemSpade.<init>(ItemSpade.java:11)
2024-04-20 09:08:56 [INFO] [STDERR] 	at net.minecraft.item.Item.<clinit>(Item.java:46)
2024-04-20 09:08:56 [INFO] [STDERR] 	at net.minecraft.block.Block.<clinit>(Block.java:1401)
2024-04-20 09:08:56 [INFO] [STDERR] 	at net.minecraft.stats.StatList.initMinableStats(StatList.java:185)
2024-04-20 09:08:56 [INFO] [STDERR] 	at net.minecraft.stats.StatList.<clinit>(StatList.java:96)
2024-04-20 09:08:56 [INFO] [STDERR] 	at net.minecraft.client.Minecraft.<init>(Minecraft.java:294)
2024-04-20 09:08:56 [INFO] [STDERR] 	at net.minecraft.client.MinecraftAppletImpl.<init>(MinecraftAppletImpl.java:38)
2024-04-20 09:08:56 [INFO] [STDERR] 	at net.minecraft.client.MinecraftApplet.fmlInitReentry(MinecraftApplet.java:32)
2024-04-20 09:08:56 [INFO] [STDERR] 	... 15 more
2024-04-20 09:08:56 [INFO] [STDERR] Caused by: java.lang.ClassNotFoundException: cpw.mods.fml.common.registry.GameData
2024-04-20 09:08:56 [INFO] [STDERR] 	at cpw.mods.fml.relauncher.RelaunchClassLoader.findClass(RelaunchClassLoader.java:238)
2024-04-20 09:08:56 [INFO] [STDERR] 	at java.lang.ClassLoader.loadClass(ClassLoader.java:418)
2024-04-20 09:08:56 [INFO] [STDERR] 	at java.lang.ClassLoader.loadClass(ClassLoader.java:351)
2024-04-20 09:08:56 [INFO] [STDERR] 	... 25 more
2024-04-20 09:08:56 [INFO] [STDERR] Caused by: java.lang.NullPointerException
2024-04-20 09:08:56 [INFO] [STDERR] 	at codechicken.core.asm.FeatureHackTransformer.transformer001(FeatureHackTransformer.java:50)
2024-04-20 09:08:56 [INFO] [STDERR] 	at codechicken.core.asm.FeatureHackTransformer.transform(FeatureHackTransformer.java:61)
2024-04-20 09:08:56 [INFO] [STDERR] 	at cpw.mods.fml.relauncher.RelaunchClassLoader.runTransformers(RelaunchClassLoader.java:352)
2024-04-20 09:08:56 [INFO] [STDERR] 	at cpw.mods.fml.relauncher.RelaunchClassLoader.findClass(RelaunchClassLoader.java:225)
2024-04-20 09:08:56 [INFO] [STDERR] 	... 27 more
2024-04-20 09:09:01 [INFO] [STDERR] Someone is closing me!
