2024-04-20 07:44:01 [CLIENT] [INFO] Setting user: quaternary
2024-04-20 07:44:02 [CLIENT] [INFO] LWJGL Version: 2.9.0
2024-04-20 07:44:03 [CLIENT] [INFO] Found animation info for: textures/blocks/lava_flow.txt
2024-04-20 07:44:03 [CLIENT] [INFO] Found animation info for: textures/blocks/water_flow.txt
2024-04-20 07:44:03 [CLIENT] [INFO] Found animation info for: textures/blocks/fire_0.txt
2024-04-20 07:44:03 [CLIENT] [INFO] Found animation info for: textures/blocks/fire_1.txt
2024-04-20 07:44:03 [CLIENT] [INFO] Found animation info for: textures/blocks/lava.txt
2024-04-20 07:44:03 [CLIENT] [INFO] Found animation info for: textures/blocks/portal.txt
2024-04-20 07:44:03 [CLIENT] [INFO] Found animation info for: textures/blocks/water.txt
2024-04-20 07:44:03 [CLIENT] [INFO] Found animation info for: textures/items/clock.txt
2024-04-20 07:44:03 [CLIENT] [INFO] Found animation info for: textures/items/compass.txt
2024-04-20 07:44:03 [CLIENT] [INFO] Found animation info for: textures/blocks/lava_flow.txt
2024-04-20 07:44:03 [CLIENT] [INFO] Found animation info for: textures/blocks/water_flow.txt
2024-04-20 07:44:03 [CLIENT] [INFO] Found animation info for: textures/blocks/fire_0.txt
2024-04-20 07:44:03 [CLIENT] [INFO] Found animation info for: textures/blocks/fire_1.txt
2024-04-20 07:44:03 [CLIENT] [INFO] Found animation info for: textures/blocks/lava.txt
2024-04-20 07:44:03 [CLIENT] [INFO] Found animation info for: textures/blocks/portal.txt
2024-04-20 07:44:03 [CLIENT] [INFO] Found animation info for: textures/blocks/water.txt
2024-04-20 07:44:03 [CLIENT] [INFO] Found animation info for: textures/items/clock.txt
2024-04-20 07:44:03 [CLIENT] [INFO] Found animation info for: textures/items/compass.txt
2024-04-20 07:44:04 [CLIENT] [WARNING] Failed to add pack.mcmeta in resources
2024-04-20 07:44:04 [CLIENT] [WARNING] Failed to add pre-1.6.json in resources
2024-04-20 07:44:04 [CLIENT] [WARNING] Failed to add READ_ME_I_AM_VERY_IMPORTANT in resources
2024-04-20 08:40:49 [CLIENT] [INFO] Setting user: quaternary
2024-04-20 08:40:49 [CLIENT] [INFO] LWJGL Version: 2.9.0
2024-04-20 08:40:51 [CLIENT] [INFO] Found animation info for: textures/blocks/lava_flow.txt
2024-04-20 08:40:51 [CLIENT] [INFO] Found animation info for: textures/blocks/water_flow.txt
2024-04-20 08:40:51 [CLIENT] [INFO] Found animation info for: textures/blocks/fire_0.txt
2024-04-20 08:40:51 [CLIENT] [INFO] Found animation info for: textures/blocks/fire_1.txt
2024-04-20 08:40:51 [CLIENT] [INFO] Found animation info for: textures/blocks/lava.txt
2024-04-20 08:40:51 [CLIENT] [INFO] Found animation info for: textures/blocks/portal.txt
2024-04-20 08:40:51 [CLIENT] [INFO] Found animation info for: textures/blocks/water.txt
2024-04-20 08:40:51 [CLIENT] [INFO] Found animation info for: textures/items/clock.txt
2024-04-20 08:40:51 [CLIENT] [INFO] Found animation info for: textures/items/compass.txt
2024-04-20 08:40:51 [CLIENT] [WARNING] Failed to add pack.mcmeta in resources
2024-04-20 08:40:51 [CLIENT] [WARNING] Failed to add pre-1.6.json in resources
2024-04-20 08:40:51 [CLIENT] [WARNING] Failed to add READ_ME_I_AM_VERY_IMPORTANT in resources
2024-04-20 08:41:18 [CLIENT] [INFO] Setting user: quaternary
2024-04-20 08:41:18 [CLIENT] [INFO] LWJGL Version: 2.9.0
2024-04-20 08:41:20 [CLIENT] [INFO] Found animation info for: textures/blocks/lava_flow.txt
2024-04-20 08:41:20 [CLIENT] [INFO] Found animation info for: textures/blocks/water_flow.txt
2024-04-20 08:41:20 [CLIENT] [INFO] Found animation info for: textures/blocks/fire_0.txt
2024-04-20 08:41:20 [CLIENT] [INFO] Found animation info for: textures/blocks/fire_1.txt
2024-04-20 08:41:20 [CLIENT] [INFO] Found animation info for: textures/blocks/lava.txt
2024-04-20 08:41:20 [CLIENT] [INFO] Found animation info for: textures/blocks/portal.txt
2024-04-20 08:41:20 [CLIENT] [INFO] Found animation info for: textures/blocks/water.txt
2024-04-20 08:41:20 [CLIENT] [INFO] Found animation info for: textures/items/clock.txt
2024-04-20 08:41:20 [CLIENT] [INFO] Found animation info for: textures/items/compass.txt
2024-04-20 08:41:20 [CLIENT] [WARNING] Failed to add pack.mcmeta in resources
2024-04-20 08:41:20 [CLIENT] [WARNING] Failed to add pre-1.6.json in resources
2024-04-20 08:41:20 [CLIENT] [WARNING] Failed to add READ_ME_I_AM_VERY_IMPORTANT in resources
2024-04-20 08:51:45 [CLIENT] [INFO] Setting user: quaternary
2024-04-20 08:51:45 [CLIENT] [INFO] LWJGL Version: 2.9.0
2024-04-20 08:51:47 [CLIENT] [INFO] Found animation info for: textures/blocks/lava_flow.txt
2024-04-20 08:51:47 [CLIENT] [INFO] Found animation info for: textures/blocks/water_flow.txt
2024-04-20 08:51:47 [CLIENT] [INFO] Found animation info for: textures/blocks/fire_0.txt
2024-04-20 08:51:47 [CLIENT] [INFO] Found animation info for: textures/blocks/fire_1.txt
2024-04-20 08:51:47 [CLIENT] [INFO] Found animation info for: textures/blocks/lava.txt
2024-04-20 08:51:47 [CLIENT] [INFO] Found animation info for: textures/blocks/portal.txt
2024-04-20 08:51:47 [CLIENT] [INFO] Found animation info for: textures/blocks/water.txt
2024-04-20 08:51:47 [CLIENT] [INFO] Found animation info for: textures/items/clock.txt
2024-04-20 08:51:47 [CLIENT] [INFO] Found animation info for: textures/items/compass.txt
2024-04-20 08:51:47 [CLIENT] [WARNING] Failed to add pack.mcmeta in resources
2024-04-20 08:51:47 [CLIENT] [WARNING] Failed to add pre-1.6.json in resources
2024-04-20 08:51:47 [CLIENT] [WARNING] Failed to add READ_ME_I_AM_VERY_IMPORTANT in resources
2024-04-20 08:52:18 [CLIENT] [INFO] Setting user: quaternary
2024-04-20 08:52:18 [CLIENT] [INFO] LWJGL Version: 2.9.0
2024-04-20 08:53:50 [CLIENT] [INFO] Setting user: quaternary
2024-04-20 08:53:50 [CLIENT] [INFO] LWJGL Version: 2.9.0
2024-04-20 08:53:53 [CLIENT] [WARNING] TextureManager.createTexture called for file mods/forestry/textures/blocks/wood/planks.giganteum.png, but that file does not exist. Ignoring.
2024-04-20 08:53:53 [CLIENT] [WARNING] TextureManager.createTexture called for file mods/factorization/textures/blocks/servo/set_facing_side_S.png, but that file does not exist. Ignoring.
2024-04-20 08:53:53 [CLIENT] [WARNING] TextureManager.createTexture called for file mods/factorization/textures/blocks/servo/set_facing_side_W.png, but that file does not exist. Ignoring.
2024-04-20 08:53:53 [CLIENT] [WARNING] TextureManager.createTexture called for file mods/factorization/textures/blocks/servo/set_direction_side_S.png, but that file does not exist. Ignoring.
2024-04-20 08:53:53 [CLIENT] [WARNING] TextureManager.createTexture called for file mods/factorization/textures/blocks/servo/set_direction_side_W.png, but that file does not exist. Ignoring.
2024-04-20 08:53:53 [CLIENT] [WARNING] TextureManager.createTexture called for file mods/factorization/textures/blocks/servo/component.png, but that file does not exist. Ignoring.
2024-04-20 08:53:54 [CLIENT] [INFO] Found animation info for: mods/buildcraft/textures/blocks/oil_flow.txt
2024-04-20 08:53:54 [CLIENT] [INFO] Found animation info for: textures/blocks/lava_flow.txt
2024-04-20 08:53:54 [CLIENT] [INFO] Found animation info for: mods/thermalexpansion/textures/blocks/Liquid_Ender_Flow.txt
2024-04-20 08:53:54 [CLIENT] [INFO] Found animation info for: mods/thermalexpansion/textures/blocks/Liquid_Glowstone_Flow.txt
2024-04-20 08:53:54 [CLIENT] [INFO] Found animation info for: mods/thermalexpansion/textures/blocks/Liquid_Redstone_Flow.txt
2024-04-20 08:53:54 [CLIENT] [INFO] Found animation info for: textures/blocks/water_flow.txt
2024-04-20 08:53:54 [CLIENT] [INFO] Found animation info for: mods/buildcraft/textures/blocks/oil.txt
2024-04-20 08:53:54 [CLIENT] [INFO] Found animation info for: textures/blocks/fire_0.txt
2024-04-20 08:53:54 [CLIENT] [INFO] Found animation info for: textures/blocks/fire_1.txt
2024-04-20 08:53:54 [CLIENT] [INFO] Found animation info for: textures/blocks/lava.txt
2024-04-20 08:53:54 [CLIENT] [INFO] Found animation info for: textures/blocks/portal.txt
2024-04-20 08:53:54 [CLIENT] [INFO] Found animation info for: mods/thermalexpansion/textures/blocks/Liquid_Ender_Still.txt
2024-04-20 08:53:54 [CLIENT] [INFO] Found animation info for: mods/thermalexpansion/textures/blocks/Liquid_Glowstone_Still.txt
2024-04-20 08:53:54 [CLIENT] [INFO] Found animation info for: mods/thermalexpansion/textures/blocks/Liquid_Lamp_Still.txt
2024-04-20 08:53:54 [CLIENT] [INFO] Found animation info for: mods/thermalexpansion/textures/blocks/Liquid_Redstone_Still.txt
2024-04-20 08:53:54 [CLIENT] [INFO] Found animation info for: mods/thermalexpansion/textures/blocks/Machine_Active_Assembler.txt
2024-04-20 08:53:54 [CLIENT] [INFO] Found animation info for: mods/thermalexpansion/textures/blocks/Machine_Active_Charger.txt
2024-04-20 08:53:54 [CLIENT] [INFO] Found animation info for: textures/blocks/water.txt
2024-04-20 08:53:54 [CLIENT] [WARNING] TextureManager.createTexture called for file mods/forestry/textures/items/misc/empty.png, but that file does not exist. Ignoring.
2024-04-20 08:53:54 [CLIENT] [WARNING] TextureManager.createTexture called for file mods/forestry/textures/items/analyzer/natural.png, but that file does not exist. Ignoring.
2024-04-20 08:53:54 [CLIENT] [WARNING] TextureManager.createTexture called for file mods/forestry/textures/items/misc/liquid.png, but that file does not exist. Ignoring.
2024-04-20 08:53:54 [CLIENT] [INFO] Found animation info for: mods/buildcraft/textures/items/fuel.txt
2024-04-20 08:53:54 [CLIENT] [INFO] Found animation info for: textures/items/clock.txt
2024-04-20 08:53:54 [CLIENT] [INFO] Found animation info for: textures/items/compass.txt
2024-04-20 08:53:54 [CLIENT] [INFO] Found animation info for: mods/factorization/textures/items/tool/bag_of_holding.txt
2024-04-20 08:53:54 [CLIENT] [INFO] Found animation info for: mods/forestry/textures/items/bees/default/drone.body2.txt
2024-04-20 08:53:54 [CLIENT] [INFO] Found animation info for: mods/forestry/textures/items/bees/default/drone.outline.txt
2024-04-20 08:53:54 [CLIENT] [INFO] Found animation info for: mods/forestry/textures/items/bees/default/larvae.body.txt
2024-04-20 08:53:54 [CLIENT] [INFO] Found animation info for: mods/forestry/textures/items/bees/default/larvae.body2.txt
2024-04-20 08:53:54 [CLIENT] [INFO] Found animation info for: mods/forestry/textures/items/bees/default/larvae.outline.txt
2024-04-20 08:53:54 [CLIENT] [INFO] Found animation info for: mods/forestry/textures/items/bees/default/princess.body2.txt
2024-04-20 08:53:54 [CLIENT] [INFO] Found animation info for: mods/forestry/textures/items/bees/default/princess.outline.txt
2024-04-20 08:53:54 [CLIENT] [INFO] Found animation info for: mods/forestry/textures/items/bees/default/queen.body2.txt
2024-04-20 08:53:54 [CLIENT] [INFO] Found animation info for: mods/forestry/textures/items/bees/default/queen.outline.txt
2024-04-20 08:53:54 [CLIENT] [INFO] Found animation info for: mods/forestry/textures/items/biomefinder.txt
2024-04-20 08:53:54 [CLIENT] [INFO] Found animation info for: mods/forestry/textures/items/caterpillar.body.txt
2024-04-20 08:53:54 [CLIENT] [INFO] Found animation info for: mods/forestry/textures/items/caterpillar.body2.txt
2024-04-20 08:53:54 [CLIENT] [INFO] Found animation info for: mods/forestry/textures/items/liquidBiofuel.txt
2024-04-20 08:53:54 [CLIENT] [INFO] Found animation info for: mods/forestry/textures/items/liquidBiomass.txt
2024-04-20 08:53:54 [CLIENT] [INFO] Found animation info for: mods/forestry/textures/items/liquidGlass.txt
2024-04-20 08:53:54 [CLIENT] [INFO] Found animation info for: mods/forestry/textures/items/liquidHoney.txt
2024-04-20 08:53:54 [CLIENT] [INFO] Found animation info for: mods/forestry/textures/items/liquidIce.txt
2024-04-20 08:53:54 [CLIENT] [INFO] Found animation info for: mods/forestry/textures/items/liquidJuice.txt
2024-04-20 08:53:54 [CLIENT] [INFO] Found animation info for: mods/forestry/textures/items/liquidMead.txt
2024-04-20 08:53:54 [CLIENT] [INFO] Found animation info for: mods/forestry/textures/items/liquidSeedOil.txt
2024-04-20 08:53:54 [CLIENT] [INFO] Found animation info for: mods/thermalexpansion/textures/items/BucketEnder.txt
2024-04-20 08:53:54 [CLIENT] [INFO] Found animation info for: mods/thermalexpansion/textures/items/BucketGlowstone.txt
2024-04-20 08:53:54 [CLIENT] [INFO] Found animation info for: mods/thermalexpansion/textures/items/BucketRedstone.txt
2024-04-20 08:56:32 [CLIENT] [INFO] Setting user: quaternary
2024-04-20 08:56:32 [CLIENT] [INFO] LWJGL Version: 2.9.0
2024-04-20 08:56:34 [CLIENT] [INFO] Found animation info for: textures/blocks/lava_flow.txt
2024-04-20 08:56:34 [CLIENT] [INFO] Found animation info for: textures/blocks/water_flow.txt
2024-04-20 08:56:34 [CLIENT] [INFO] Found animation info for: textures/blocks/fire_0.txt
2024-04-20 08:56:34 [CLIENT] [INFO] Found animation info for: textures/blocks/fire_1.txt
2024-04-20 08:56:34 [CLIENT] [INFO] Found animation info for: textures/blocks/lava.txt
2024-04-20 08:56:34 [CLIENT] [INFO] Found animation info for: textures/blocks/portal.txt
2024-04-20 08:56:34 [CLIENT] [INFO] Found animation info for: textures/blocks/water.txt
2024-04-20 08:56:34 [CLIENT] [INFO] Found animation info for: textures/items/clock.txt
2024-04-20 08:56:34 [CLIENT] [INFO] Found animation info for: textures/items/compass.txt
2024-04-20 08:56:34 [CLIENT] [INFO] Found animation info for: textures/blocks/lava_flow.txt
2024-04-20 08:56:34 [CLIENT] [INFO] Found animation info for: textures/blocks/water_flow.txt
2024-04-20 08:56:34 [CLIENT] [INFO] Found animation info for: textures/blocks/fire_0.txt
2024-04-20 08:56:34 [CLIENT] [INFO] Found animation info for: textures/blocks/fire_1.txt
2024-04-20 08:56:34 [CLIENT] [INFO] Found animation info for: textures/blocks/lava.txt
2024-04-20 08:56:34 [CLIENT] [INFO] Found animation info for: textures/blocks/portal.txt
2024-04-20 08:56:34 [CLIENT] [INFO] Found animation info for: textures/blocks/water.txt
2024-04-20 08:56:34 [CLIENT] [INFO] Found animation info for: textures/items/clock.txt
2024-04-20 08:56:34 [CLIENT] [INFO] Found animation info for: textures/items/compass.txt
2024-04-20 08:56:35 [CLIENT] [WARNING] Failed to add pack.mcmeta in resources
2024-04-20 08:56:35 [CLIENT] [WARNING] Failed to add pre-1.6.json in resources
2024-04-20 08:56:35 [CLIENT] [WARNING] Failed to add READ_ME_I_AM_VERY_IMPORTANT in resources
2024-04-20 08:56:49 [CLIENT] [INFO] [CHAT] blockhelper.newer_version_available_chat
2024-04-20 08:57:00 [CLIENT] [INFO] Stopping!
2024-04-20 08:57:34 [CLIENT] [INFO] Setting user: quaternary
2024-04-20 08:57:34 [CLIENT] [INFO] LWJGL Version: 2.9.0
2024-04-20 08:57:36 [CLIENT] [INFO] Found animation info for: textures/blocks/lava_flow.txt
2024-04-20 08:57:36 [CLIENT] [INFO] Found animation info for: textures/blocks/water_flow.txt
2024-04-20 08:57:36 [CLIENT] [INFO] Found animation info for: textures/blocks/fire_0.txt
2024-04-20 08:57:36 [CLIENT] [INFO] Found animation info for: textures/blocks/fire_1.txt
2024-04-20 08:57:36 [CLIENT] [INFO] Found animation info for: textures/blocks/lava.txt
2024-04-20 08:57:36 [CLIENT] [INFO] Found animation info for: textures/blocks/portal.txt
2024-04-20 08:57:36 [CLIENT] [INFO] Found animation info for: textures/blocks/water.txt
2024-04-20 08:57:36 [CLIENT] [INFO] Found animation info for: textures/items/clock.txt
2024-04-20 08:57:36 [CLIENT] [INFO] Found animation info for: textures/items/compass.txt
2024-04-20 08:57:36 [CLIENT] [INFO] Found animation info for: textures/blocks/lava_flow.txt
2024-04-20 08:57:36 [CLIENT] [INFO] Found animation info for: textures/blocks/water_flow.txt
2024-04-20 08:57:36 [CLIENT] [INFO] Found animation info for: textures/blocks/fire_0.txt
2024-04-20 08:57:36 [CLIENT] [INFO] Found animation info for: textures/blocks/fire_1.txt
2024-04-20 08:57:36 [CLIENT] [INFO] Found animation info for: textures/blocks/lava.txt
2024-04-20 08:57:36 [CLIENT] [INFO] Found animation info for: textures/blocks/portal.txt
2024-04-20 08:57:36 [CLIENT] [INFO] Found animation info for: textures/blocks/water.txt
2024-04-20 08:57:36 [CLIENT] [INFO] Found animation info for: textures/items/clock.txt
2024-04-20 08:57:36 [CLIENT] [INFO] Found animation info for: textures/items/compass.txt
2024-04-20 08:57:37 [CLIENT] [WARNING] Failed to add pack.mcmeta in resources
2024-04-20 08:57:37 [CLIENT] [WARNING] Failed to add pre-1.6.json in resources
2024-04-20 08:57:37 [CLIENT] [WARNING] Failed to add READ_ME_I_AM_VERY_IMPORTANT in resources
2024-04-20 08:57:51 [CLIENT] [INFO] Stopping!
